<?xml version="1.0" encoding="UTF-8"?>
<!-- Generated by org.testng.reporters.JUnitReportReporter -->
<testsuite hostname="INBASDLP17094" failures="0" tests="1" name="LMX.Automation" time="271.209" errors="0" timestamp="2022-09-02T16:32:04 IST" skipped="0">
  <testcase classname="LMX.Automation" name="main" time="271.209"/>
  <system-out/>
</testsuite> <!-- LMX.Automation -->
