<?xml version="1.0" encoding="UTF-8"?>
<!-- Generated by org.testng.reporters.JUnitReportReporter -->
<testsuite hostname="INBASDLP17094" failures="0" tests="1" name="Xendit.Automation" time="130.460" errors="0" timestamp="2022-11-11T04:38:21 IST" skipped="0">
  <testcase classname="Xendit.Automation" name="main" time="130.460"/>
  <system-out/>
</testsuite> <!-- Xendit.Automation -->
